<?xml version="1.0" encoding="UTF-8"?>
<!-- Generated by org.testng.reporters.JUnitReportReporter -->
<testsuite skipped="0" hostname="Lenovo-G570" name="com.capgemini.snapdealproject.runner.Runner" tests="1" failures="0" timestamp="06 May 2020 05:38:14 GMT" time="26.150" errors="0">
  <testcase name="feature" time="26.150" classname="com.capgemini.snapdealproject.runner.Runner"/>
</testsuite> <!-- com.capgemini.snapdealproject.runner.Runner -->
